  [1m[35m (352.0ms)[0m  [1m[35mCREATE DATABASE "_tigairo" ENCODING = 'unicode'[0m
  ↳ bin/rails:9
  [1m[35m (272.0ms)[0m  [1m[35mCREATE DATABASE "_tigairo_test" ENCODING = 'unicode'[0m
  ↳ bin/rails:9
  [1m[35m (11.1ms)[0m  [1m[35mCREATE TABLE "schema_migrations" ("version" character varying NOT NULL PRIMARY KEY)[0m
  ↳ bin/rails:9
  [1m[35m (10.4ms)[0m  [1m[35mCREATE TABLE "ar_internal_metadata" ("key" character varying NOT NULL PRIMARY KEY, "value" character varying, "created_at" timestamp NOT NULL, "updated_at" timestamp NOT NULL)[0m
  ↳ bin/rails:9
  [1m[35m (0.6ms)[0m  [1m[34mSELECT pg_try_advisory_lock(8318156253109745280)[0m
  ↳ bin/rails:9
  [1m[35m (1.3ms)[0m  [1m[34mSELECT "schema_migrations"."version" FROM "schema_migrations" ORDER BY "schema_migrations"."version" ASC[0m
  ↳ bin/rails:9
Migrating to DeviseCreateUsers (20180820160332)
  [1m[35m (0.4ms)[0m  [1m[35mBEGIN[0m
  ↳ bin/rails:9
  [1m[35m (9.9ms)[0m  [1m[35mCREATE TABLE "users" ("id" bigserial primary key, "email" character varying DEFAULT '' NOT NULL, "encrypted_password" character varying DEFAULT '' NOT NULL, "reset_password_token" character varying, "reset_password_sent_at" timestamp, "remember_created_at" timestamp, "created_at" timestamp NOT NULL, "updated_at" timestamp NOT NULL)[0m
  ↳ db/migrate/20180820160332_devise_create_users.rb:5
  [1m[35m (3.1ms)[0m  [1m[35mCREATE UNIQUE INDEX  "index_users_on_email" ON "users"  ("email")[0m
  ↳ db/migrate/20180820160332_devise_create_users.rb:39
  [1m[35m (3.1ms)[0m  [1m[35mCREATE UNIQUE INDEX  "index_users_on_reset_password_token" ON "users"  ("reset_password_token")[0m
  ↳ db/migrate/20180820160332_devise_create_users.rb:40
  [1m[36mActiveRecord::SchemaMigration Create (0.9ms)[0m  [1m[32mINSERT INTO "schema_migrations" ("version") VALUES ($1) RETURNING "version"[0m  [["version", "20180820160332"]]
  ↳ bin/rails:9
  [1m[35m (1.6ms)[0m  [1m[35mCOMMIT[0m
  ↳ bin/rails:9
Migrating to CreateCategories (20180820160723)
  [1m[35m (0.4ms)[0m  [1m[35mBEGIN[0m
  ↳ bin/rails:9
  [1m[35m (9.1ms)[0m  [1m[35mCREATE TABLE "categories" ("id" bigserial primary key, "name" character varying, "created_at" timestamp NOT NULL, "updated_at" timestamp NOT NULL)[0m
  ↳ db/migrate/20180820160723_create_categories.rb:3
  [1m[36mActiveRecord::SchemaMigration Create (0.7ms)[0m  [1m[32mINSERT INTO "schema_migrations" ("version") VALUES ($1) RETURNING "version"[0m  [["version", "20180820160723"]]
  ↳ bin/rails:9
  [1m[35m (1.6ms)[0m  [1m[35mCOMMIT[0m
  ↳ bin/rails:9
Migrating to CreatePosts (20180820160746)
  [1m[35m (0.4ms)[0m  [1m[35mBEGIN[0m
  ↳ bin/rails:9
  [1m[35m (11.8ms)[0m  [1m[35mCREATE TABLE "posts" ("id" bigserial primary key, "content" text, "category_id" bigint, "user_id" bigint, "created_at" timestamp NOT NULL, "updated_at" timestamp NOT NULL, CONSTRAINT "fk_rails_9b1b26f040"
FOREIGN KEY ("category_id")
  REFERENCES "categories" ("id")
, CONSTRAINT "fk_rails_5b5ddfd518"
FOREIGN KEY ("user_id")
  REFERENCES "users" ("id")
)[0m
  ↳ db/migrate/20180820160746_create_posts.rb:3
  [1m[35m (4.2ms)[0m  [1m[35mCREATE  INDEX  "index_posts_on_category_id" ON "posts"  ("category_id")[0m
  ↳ db/migrate/20180820160746_create_posts.rb:3
  [1m[35m (3.4ms)[0m  [1m[35mCREATE  INDEX  "index_posts_on_user_id" ON "posts"  ("user_id")[0m
  ↳ db/migrate/20180820160746_create_posts.rb:3
  [1m[36mActiveRecord::SchemaMigration Create (0.6ms)[0m  [1m[32mINSERT INTO "schema_migrations" ("version") VALUES ($1) RETURNING "version"[0m  [["version", "20180820160746"]]
  ↳ bin/rails:9
  [1m[35m (1.7ms)[0m  [1m[35mCOMMIT[0m
  ↳ bin/rails:9
  [1m[36mActiveRecord::InternalMetadata Load (0.9ms)[0m  [1m[34mSELECT  "ar_internal_metadata".* FROM "ar_internal_metadata" WHERE "ar_internal_metadata"."key" = $1 LIMIT $2[0m  [["key", "environment"], ["LIMIT", 1]]
  ↳ bin/rails:9
  [1m[35m (0.3ms)[0m  [1m[35mBEGIN[0m
  ↳ bin/rails:9
  [1m[36mActiveRecord::InternalMetadata Create (0.9ms)[0m  [1m[32mINSERT INTO "ar_internal_metadata" ("key", "value", "created_at", "updated_at") VALUES ($1, $2, $3, $4) RETURNING "key"[0m  [["key", "environment"], ["value", "development"], ["created_at", "2018-08-20 16:11:47.703471"], ["updated_at", "2018-08-20 16:11:47.703471"]]
  ↳ bin/rails:9
  [1m[35m (1.4ms)[0m  [1m[35mCOMMIT[0m
  ↳ bin/rails:9
  [1m[35m (0.5ms)[0m  [1m[34mSELECT pg_advisory_unlock(8318156253109745280)[0m
  ↳ bin/rails:9
  [1m[35m (0.6ms)[0m  [1m[34mSELECT "schema_migrations"."version" FROM "schema_migrations" ORDER BY "schema_migrations"."version" ASC[0m
  ↳ bin/rails:9
Started GET "/" for 127.0.0.1 at 2018-08-20 13:16:07 -0300
  [1m[35m (0.5ms)[0m  [1m[34mSELECT "schema_migrations"."version" FROM "schema_migrations" ORDER BY "schema_migrations"."version" ASC[0m
  ↳ /home/dancondo/.rbenv/versions/2.4.4/lib/ruby/gems/2.4.0/gems/activerecord-5.2.1/lib/active_record/log_subscriber.rb:98
Processing by Rails::WelcomeController#index as HTML
  Rendering /home/dancondo/.rbenv/versions/2.4.4/lib/ruby/gems/2.4.0/gems/railties-5.2.1/lib/rails/templates/rails/welcome/index.html.erb
  Rendered /home/dancondo/.rbenv/versions/2.4.4/lib/ruby/gems/2.4.0/gems/railties-5.2.1/lib/rails/templates/rails/welcome/index.html.erb (2.2ms)
Completed 200 OK in 7ms (Views: 5.6ms | ActiveRecord: 0.0ms)


Started GET "/pages/band_home" for 127.0.0.1 at 2018-08-20 13:16:13 -0300
  
ActionController::RoutingError (No route matches [GET] "/pages/band_home"):
  
actionpack (5.2.1) lib/action_dispatch/middleware/debug_exceptions.rb:65:in `call'
web-console (3.6.2) lib/web_console/middleware.rb:135:in `call_app'
web-console (3.6.2) lib/web_console/middleware.rb:30:in `block in call'
web-console (3.6.2) lib/web_console/middleware.rb:20:in `catch'
web-console (3.6.2) lib/web_console/middleware.rb:20:in `call'
actionpack (5.2.1) lib/action_dispatch/middleware/show_exceptions.rb:33:in `call'
railties (5.2.1) lib/rails/rack/logger.rb:38:in `call_app'
railties (5.2.1) lib/rails/rack/logger.rb:26:in `block in call'
activesupport (5.2.1) lib/active_support/tagged_logging.rb:71:in `block in tagged'
activesupport (5.2.1) lib/active_support/tagged_logging.rb:28:in `tagged'
activesupport (5.2.1) lib/active_support/tagged_logging.rb:71:in `tagged'
railties (5.2.1) lib/rails/rack/logger.rb:26:in `call'
sprockets-rails (3.2.1) lib/sprockets/rails/quiet_assets.rb:13:in `call'
actionpack (5.2.1) lib/action_dispatch/middleware/remote_ip.rb:81:in `call'
actionpack (5.2.1) lib/action_dispatch/middleware/request_id.rb:27:in `call'
rack (2.0.5) lib/rack/method_override.rb:22:in `call'
rack (2.0.5) lib/rack/runtime.rb:22:in `call'
activesupport (5.2.1) lib/active_support/cache/strategy/local_cache_middleware.rb:29:in `call'
actionpack (5.2.1) lib/action_dispatch/middleware/executor.rb:14:in `call'
actionpack (5.2.1) lib/action_dispatch/middleware/static.rb:127:in `call'
rack (2.0.5) lib/rack/sendfile.rb:111:in `call'
railties (5.2.1) lib/rails/engine.rb:524:in `call'
puma (3.12.0) lib/puma/configuration.rb:225:in `call'
puma (3.12.0) lib/puma/server.rb:658:in `handle_request'
puma (3.12.0) lib/puma/server.rb:472:in `process_client'
puma (3.12.0) lib/puma/server.rb:332:in `block in run'
puma (3.12.0) lib/puma/thread_pool.rb:133:in `block in spawn_thread'
Started GET "/posts" for 127.0.0.1 at 2018-08-20 13:16:14 -0300
  
ActionController::RoutingError (No route matches [GET] "/posts"):
  
actionpack (5.2.1) lib/action_dispatch/middleware/debug_exceptions.rb:65:in `call'
web-console (3.6.2) lib/web_console/middleware.rb:135:in `call_app'
web-console (3.6.2) lib/web_console/middleware.rb:30:in `block in call'
web-console (3.6.2) lib/web_console/middleware.rb:20:in `catch'
web-console (3.6.2) lib/web_console/middleware.rb:20:in `call'
actionpack (5.2.1) lib/action_dispatch/middleware/show_exceptions.rb:33:in `call'
railties (5.2.1) lib/rails/rack/logger.rb:38:in `call_app'
railties (5.2.1) lib/rails/rack/logger.rb:26:in `block in call'
activesupport (5.2.1) lib/active_support/tagged_logging.rb:71:in `block in tagged'
activesupport (5.2.1) lib/active_support/tagged_logging.rb:28:in `tagged'
activesupport (5.2.1) lib/active_support/tagged_logging.rb:71:in `tagged'
railties (5.2.1) lib/rails/rack/logger.rb:26:in `call'
sprockets-rails (3.2.1) lib/sprockets/rails/quiet_assets.rb:13:in `call'
actionpack (5.2.1) lib/action_dispatch/middleware/remote_ip.rb:81:in `call'
actionpack (5.2.1) lib/action_dispatch/middleware/request_id.rb:27:in `call'
rack (2.0.5) lib/rack/method_override.rb:22:in `call'
rack (2.0.5) lib/rack/runtime.rb:22:in `call'
activesupport (5.2.1) lib/active_support/cache/strategy/local_cache_middleware.rb:29:in `call'
actionpack (5.2.1) lib/action_dispatch/middleware/executor.rb:14:in `call'
actionpack (5.2.1) lib/action_dispatch/middleware/static.rb:127:in `call'
rack (2.0.5) lib/rack/sendfile.rb:111:in `call'
railties (5.2.1) lib/rails/engine.rb:524:in `call'
puma (3.12.0) lib/puma/configuration.rb:225:in `call'
puma (3.12.0) lib/puma/server.rb:658:in `handle_request'
puma (3.12.0) lib/puma/server.rb:472:in `process_client'
puma (3.12.0) lib/puma/server.rb:332:in `block in run'
puma (3.12.0) lib/puma/thread_pool.rb:133:in `block in spawn_thread'
Started GET "/posts" for 127.0.0.1 at 2018-08-20 13:16:54 -0300
  
ActionController::RoutingError (No route matches [GET] "/posts"):
  
actionpack (5.2.1) lib/action_dispatch/middleware/debug_exceptions.rb:65:in `call'
web-console (3.6.2) lib/web_console/middleware.rb:135:in `call_app'
web-console (3.6.2) lib/web_console/middleware.rb:30:in `block in call'
web-console (3.6.2) lib/web_console/middleware.rb:20:in `catch'
web-console (3.6.2) lib/web_console/middleware.rb:20:in `call'
actionpack (5.2.1) lib/action_dispatch/middleware/show_exceptions.rb:33:in `call'
railties (5.2.1) lib/rails/rack/logger.rb:38:in `call_app'
railties (5.2.1) lib/rails/rack/logger.rb:26:in `block in call'
activesupport (5.2.1) lib/active_support/tagged_logging.rb:71:in `block in tagged'
activesupport (5.2.1) lib/active_support/tagged_logging.rb:28:in `tagged'
activesupport (5.2.1) lib/active_support/tagged_logging.rb:71:in `tagged'
railties (5.2.1) lib/rails/rack/logger.rb:26:in `call'
sprockets-rails (3.2.1) lib/sprockets/rails/quiet_assets.rb:13:in `call'
actionpack (5.2.1) lib/action_dispatch/middleware/remote_ip.rb:81:in `call'
actionpack (5.2.1) lib/action_dispatch/middleware/request_id.rb:27:in `call'
rack (2.0.5) lib/rack/method_override.rb:22:in `call'
rack (2.0.5) lib/rack/runtime.rb:22:in `call'
activesupport (5.2.1) lib/active_support/cache/strategy/local_cache_middleware.rb:29:in `call'
actionpack (5.2.1) lib/action_dispatch/middleware/executor.rb:14:in `call'
actionpack (5.2.1) lib/action_dispatch/middleware/static.rb:127:in `call'
rack (2.0.5) lib/rack/sendfile.rb:111:in `call'
railties (5.2.1) lib/rails/engine.rb:524:in `call'
puma (3.12.0) lib/puma/configuration.rb:225:in `call'
puma (3.12.0) lib/puma/server.rb:658:in `handle_request'
puma (3.12.0) lib/puma/server.rb:472:in `process_client'
puma (3.12.0) lib/puma/server.rb:332:in `block in run'
puma (3.12.0) lib/puma/thread_pool.rb:133:in `block in spawn_thread'
Started GET "/posts" for 127.0.0.1 at 2018-08-20 13:17:26 -0300
Processing by PostsController#index as HTML
  Rendering posts/index.html.haml within layouts/application
  Rendered posts/index.html.haml within layouts/application (3.5ms)
Completed 500 Internal Server Error in 1375ms (ActiveRecord: 0.0ms)


  
ActionView::Template::Error (couldn't find file 'turbolinks' with type 'application/javascript'
Checked in these paths: 
  /home/dancondo/code/dancondo/tigairo/app/assets/config
  /home/dancondo/code/dancondo/tigairo/app/assets/images
  /home/dancondo/code/dancondo/tigairo/app/assets/javascripts
  /home/dancondo/code/dancondo/tigairo/app/assets/stylesheets
  /home/dancondo/.rbenv/versions/2.4.4/lib/ruby/gems/2.4.0/gems/coffee-rails-4.2.2/lib/assets/javascripts
  /home/dancondo/.rbenv/versions/2.4.4/lib/ruby/gems/2.4.0/gems/jquery-rails-4.3.3/vendor/assets/javascripts
  /home/dancondo/.rbenv/versions/2.4.4/lib/ruby/gems/2.4.0/gems/actioncable-5.2.1/lib/assets/compiled
  /home/dancondo/.rbenv/versions/2.4.4/lib/ruby/gems/2.4.0/gems/activestorage-5.2.1/app/assets/javascripts
  /home/dancondo/.rbenv/versions/2.4.4/lib/ruby/gems/2.4.0/gems/actionview-5.2.1/lib/assets/compiled
  /home/dancondo/code/dancondo/tigairo/node_modules
  /home/dancondo/.rbenv/versions/2.4.4/lib/ruby/gems/2.4.0/gems/popper_js-1.14.3/assets/javascripts
  /home/dancondo/.rbenv/versions/2.4.4/lib/ruby/gems/2.4.0/gems/bootstrap-4.1.3/assets/stylesheets
  /home/dancondo/.rbenv/versions/2.4.4/lib/ruby/gems/2.4.0/gems/bootstrap-4.1.3/assets/javascripts
  /home/dancondo/.rbenv/versions/2.4.4/lib/ruby/gems/2.4.0/gems/font-awesome-sass-5.2.0/assets/stylesheets
  /home/dancondo/.rbenv/versions/2.4.4/lib/ruby/gems/2.4.0/gems/font-awesome-sass-5.2.0/assets/fonts):
     5:     %title SkipTurbolinks
     6:     = csrf_meta_tags
     7:     = csp_meta_tag
     8:     = stylesheet_link_tag 'application', media: 'all'
     9:     = stylesheet_pack_tag 'application', media: 'all'
    10:   %body
    11:     = yield
  
app/assets/javascripts/application.js:15
app/views/layouts/application.html.haml:8:in `_app_views_layouts_application_html_haml__1359983777657563811_70233823586180'
Started GET "/posts" for 127.0.0.1 at 2018-08-20 13:18:20 -0300
Processing by PostsController#index as HTML
  Rendering posts/index.html.haml within layouts/application
  Rendered posts/index.html.haml within layouts/application (1.3ms)
  [1m[36mPost Load (0.5ms)[0m  [1m[34mSELECT  "posts".* FROM "posts" LIMIT $1[0m  [["LIMIT", 11]]
  ↳ /home/dancondo/.rbenv/versions/2.4.4/lib/ruby/gems/2.4.0/gems/activerecord-5.2.1/lib/active_record/log_subscriber.rb:98
  [1m[36mCACHE Post Load (0.0ms)[0m  [1m[34mSELECT  "posts".* FROM "posts" LIMIT $1[0m  [["LIMIT", 11]]
  ↳ /home/dancondo/.rbenv/versions/2.4.4/lib/ruby/gems/2.4.0/gems/activerecord-5.2.1/lib/active_record/log_subscriber.rb:98
  [1m[36mCACHE Post Load (0.0ms)[0m  [1m[34mSELECT  "posts".* FROM "posts" LIMIT $1[0m  [["LIMIT", 11]]
  ↳ /home/dancondo/.rbenv/versions/2.4.4/lib/ruby/gems/2.4.0/gems/activerecord-5.2.1/lib/active_record/log_subscriber.rb:98
  [1m[36mCACHE Post Load (0.0ms)[0m  [1m[34mSELECT  "posts".* FROM "posts" LIMIT $1[0m  [["LIMIT", 11]]
  ↳ /home/dancondo/.rbenv/versions/2.4.4/lib/ruby/gems/2.4.0/gems/activerecord-5.2.1/lib/active_record/log_subscriber.rb:98
Completed 500 Internal Server Error in 410ms (ActiveRecord: 1.5ms)


  
ActionView::Template::Error (undefined method `stylesheet_pack_tag' for #<#<Class:0x00007fc12c3a2d58>:0x00007fc131b56a40>
Did you mean?  stylesheet_path
               stylesheet_link_tag):
     6:     = csrf_meta_tags
     7:     = csp_meta_tag
     8:     = stylesheet_link_tag 'application', media: 'all'
     9:     = stylesheet_pack_tag 'application', media: 'all'
    10:   %body
    11:     = yield
    12:     = javascript_include_tag 'application'
  
app/views/layouts/application.html.haml:9:in `_app_views_layouts_application_html_haml__1359983777657563811_70233869637860'
Started GET "/posts" for 127.0.0.1 at 2018-08-20 13:18:56 -0300
Processing by PostsController#index as HTML
  Rendering posts/index.html.haml within layouts/application
  Rendered posts/index.html.haml within layouts/application (1.2ms)
  [1m[36mPost Load (0.3ms)[0m  [1m[34mSELECT  "posts".* FROM "posts" LIMIT $1[0m  [["LIMIT", 11]]
  ↳ /home/dancondo/.rbenv/versions/2.4.4/lib/ruby/gems/2.4.0/gems/activerecord-5.2.1/lib/active_record/log_subscriber.rb:98
  [1m[36mCACHE Post Load (0.0ms)[0m  [1m[34mSELECT  "posts".* FROM "posts" LIMIT $1[0m  [["LIMIT", 11]]
  ↳ /home/dancondo/.rbenv/versions/2.4.4/lib/ruby/gems/2.4.0/gems/activerecord-5.2.1/lib/active_record/log_subscriber.rb:98
  [1m[36mCACHE Post Load (0.0ms)[0m  [1m[34mSELECT  "posts".* FROM "posts" LIMIT $1[0m  [["LIMIT", 11]]
  ↳ /home/dancondo/.rbenv/versions/2.4.4/lib/ruby/gems/2.4.0/gems/activerecord-5.2.1/lib/active_record/log_subscriber.rb:98
  [1m[36mCACHE Post Load (0.0ms)[0m  [1m[34mSELECT  "posts".* FROM "posts" LIMIT $1[0m  [["LIMIT", 11]]
  ↳ /home/dancondo/.rbenv/versions/2.4.4/lib/ruby/gems/2.4.0/gems/activerecord-5.2.1/lib/active_record/log_subscriber.rb:98
Completed 500 Internal Server Error in 190ms (ActiveRecord: 0.4ms)


  
ActionView::Template::Error (undefined method `javascript_pack_tag' for #<#<Class:0x00007fc12c3a2d58>:0x00007fc131a6b630>
Did you mean?  javascript_path
               javascript_tag):
    10:   %body
    11:     = yield
    12:     = javascript_include_tag 'application'
    13:     = javascript_pack_tag 'application'
  
app/views/layouts/application.html.haml:13:in `_app_views_layouts_application_html_haml__1359983777657563811_70233869220260'
Started GET "/posts" for 127.0.0.1 at 2018-08-20 13:19:05 -0300
Processing by PostsController#index as HTML
  Rendering posts/index.html.haml within layouts/application
  Rendered posts/index.html.haml within layouts/application (2.0ms)
Completed 200 OK in 43ms (Views: 41.6ms | ActiveRecord: 0.0ms)


Started GET "/" for 127.0.0.1 at 2018-08-20 13:26:05 -0300
  
NoMethodError (undefined method `root_to' for #<ActionDispatch::Routing::Mapper:0x00007fc1319e2858>
Did you mean?  root):
  
config/routes.rb:2:in `block in <main>'
config/routes.rb:1:in `<main>'
Started GET "/" for 127.0.0.1 at 2018-08-20 13:26:14 -0300
Processing by PagesController#home as HTML
  Rendering pages/home.html.haml within layouts/application
  Rendered pages/home.html.haml within layouts/application (1.6ms)
Completed 200 OK in 729ms (Views: 727.8ms | ActiveRecord: 0.0ms)


Started GET "/pages/band_home" for 127.0.0.1 at 2018-08-20 13:26:35 -0300
  
ActionController::RoutingError (No route matches [GET] "/pages/band_home"):
  
actionpack (5.2.1) lib/action_dispatch/middleware/debug_exceptions.rb:65:in `call'
web-console (3.6.2) lib/web_console/middleware.rb:135:in `call_app'
web-console (3.6.2) lib/web_console/middleware.rb:30:in `block in call'
web-console (3.6.2) lib/web_console/middleware.rb:20:in `catch'
web-console (3.6.2) lib/web_console/middleware.rb:20:in `call'
actionpack (5.2.1) lib/action_dispatch/middleware/show_exceptions.rb:33:in `call'
railties (5.2.1) lib/rails/rack/logger.rb:38:in `call_app'
railties (5.2.1) lib/rails/rack/logger.rb:26:in `block in call'
activesupport (5.2.1) lib/active_support/tagged_logging.rb:71:in `block in tagged'
activesupport (5.2.1) lib/active_support/tagged_logging.rb:28:in `tagged'
activesupport (5.2.1) lib/active_support/tagged_logging.rb:71:in `tagged'
railties (5.2.1) lib/rails/rack/logger.rb:26:in `call'
sprockets-rails (3.2.1) lib/sprockets/rails/quiet_assets.rb:13:in `call'
actionpack (5.2.1) lib/action_dispatch/middleware/remote_ip.rb:81:in `call'
actionpack (5.2.1) lib/action_dispatch/middleware/request_id.rb:27:in `call'
rack (2.0.5) lib/rack/method_override.rb:22:in `call'
rack (2.0.5) lib/rack/runtime.rb:22:in `call'
activesupport (5.2.1) lib/active_support/cache/strategy/local_cache_middleware.rb:29:in `call'
actionpack (5.2.1) lib/action_dispatch/middleware/executor.rb:14:in `call'
actionpack (5.2.1) lib/action_dispatch/middleware/static.rb:127:in `call'
rack (2.0.5) lib/rack/sendfile.rb:111:in `call'
railties (5.2.1) lib/rails/engine.rb:524:in `call'
puma (3.12.0) lib/puma/configuration.rb:225:in `call'
puma (3.12.0) lib/puma/server.rb:658:in `handle_request'
puma (3.12.0) lib/puma/server.rb:472:in `process_client'
puma (3.12.0) lib/puma/server.rb:332:in `block in run'
puma (3.12.0) lib/puma/thread_pool.rb:133:in `block in spawn_thread'
Started GET "/posts" for 127.0.0.1 at 2018-08-20 13:26:35 -0300
Processing by PostsController#index as HTML
  Rendering posts/index.html.haml within layouts/application
  Rendered posts/index.html.haml within layouts/application (1.3ms)
Completed 200 OK in 46ms (Views: 18.0ms | ActiveRecord: 0.0ms)


Started GET "/" for 127.0.0.1 at 2018-08-20 13:28:23 -0300
Processing by PagesController#home as HTML
  Rendering pages/home.html.haml within layouts/application
  Rendered pages/home.html.haml within layouts/application (2.2ms)
Completed 500 Internal Server Error in 11ms (ActiveRecord: 0.0ms)


  
SyntaxError (/home/dancondo/code/dancondo/tigairo/app/views/layouts/application.html.haml:6: syntax error, unexpected tIDENTIFIER, expecting ')'
tes({}, nil, rel = 'icon' href = '#' )).to_s);; _hamlout.buf
                              ^
/home/dancondo/code/dancondo/tigairo/app/views/layouts/application.html.haml:6: syntax error, unexpected ')', expecting keyword_end
l = 'icon' href = '#' )).to_s);; _hamlout.buffer << (">\n".f
                              ^):
  
app/views/layouts/application.html.haml:6: syntax error, unexpected tIDENTIFIER, expecting ')'
app/views/layouts/application.html.haml:6: syntax error, unexpected ')', expecting keyword_end
Started GET "/" for 127.0.0.1 at 2018-08-20 13:30:26 -0300
Processing by PagesController#home as HTML
  Rendering pages/home.html.haml within layouts/application
  Rendered pages/home.html.haml within layouts/application (4.4ms)
Completed 200 OK in 42ms (Views: 39.7ms | ActiveRecord: 0.0ms)


Started GET "/" for 127.0.0.1 at 2018-08-20 13:30:48 -0300
Processing by PagesController#home as HTML
  Rendering pages/home.html.haml within layouts/application
  Rendered pages/home.html.haml within layouts/application (1.3ms)
Completed 200 OK in 19ms (Views: 18.4ms | ActiveRecord: 0.0ms)


Started GET "/" for 127.0.0.1 at 2018-08-20 13:30:51 -0300
Processing by PagesController#home as HTML
  Rendering pages/home.html.haml within layouts/application
  Rendered pages/home.html.haml within layouts/application (1.8ms)
Completed 200 OK in 27ms (Views: 26.4ms | ActiveRecord: 0.0ms)


Started GET "/" for 127.0.0.1 at 2018-08-20 13:30:51 -0300
Processing by PagesController#home as HTML
  Rendering pages/home.html.haml within layouts/application
  Rendered pages/home.html.haml within layouts/application (1.2ms)
Completed 200 OK in 18ms (Views: 17.1ms | ActiveRecord: 0.0ms)


Started GET "/" for 127.0.0.1 at 2018-08-20 13:30:51 -0300
Processing by PagesController#home as HTML
  Rendering pages/home.html.haml within layouts/application
  Rendered pages/home.html.haml within layouts/application (1.3ms)
Completed 200 OK in 19ms (Views: 18.2ms | ActiveRecord: 0.0ms)


Started GET "/" for 127.0.0.1 at 2018-08-20 13:34:28 -0300
Processing by PagesController#home as HTML
  Rendering pages/home.html.haml within layouts/application
  Rendered pages/home.html.haml within layouts/application (3.7ms)
Completed 200 OK in 35ms (Views: 33.0ms | ActiveRecord: 0.0ms)


Started GET "/" for 127.0.0.1 at 2018-08-20 13:45:47 -0300
Processing by PagesController#home as HTML
  Rendering pages/home.html.haml within layouts/application
  Rendered pages/home.html.haml within layouts/application (4.0ms)
Completed 500 Internal Server Error in 729ms (ActiveRecord: 0.0ms)


  
ActionView::Template::Error (File to import not found or unreadable: pages/index.
Load paths:
  /home/dancondo/code/dancondo/tigairo/app/assets/config
  /home/dancondo/code/dancondo/tigairo/app/assets/images
  /home/dancondo/code/dancondo/tigairo/app/assets/javascripts
  /home/dancondo/code/dancondo/tigairo/app/assets/stylesheets
  /home/dancondo/.rbenv/versions/2.4.4/lib/ruby/gems/2.4.0/gems/coffee-rails-4.2.2/lib/assets/javascripts
  /home/dancondo/.rbenv/versions/2.4.4/lib/ruby/gems/2.4.0/gems/jquery-rails-4.3.3/vendor/assets/javascripts
  /home/dancondo/.rbenv/versions/2.4.4/lib/ruby/gems/2.4.0/gems/actioncable-5.2.1/lib/assets/compiled
  /home/dancondo/.rbenv/versions/2.4.4/lib/ruby/gems/2.4.0/gems/activestorage-5.2.1/app/assets/javascripts
  /home/dancondo/.rbenv/versions/2.4.4/lib/ruby/gems/2.4.0/gems/actionview-5.2.1/lib/assets/compiled
  /home/dancondo/code/dancondo/tigairo/node_modules
  /home/dancondo/.rbenv/versions/2.4.4/lib/ruby/gems/2.4.0/gems/popper_js-1.14.3/assets/javascripts
  /home/dancondo/.rbenv/versions/2.4.4/lib/ruby/gems/2.4.0/gems/bootstrap-4.1.3/assets/stylesheets
  /home/dancondo/.rbenv/versions/2.4.4/lib/ruby/gems/2.4.0/gems/bootstrap-4.1.3/assets/javascripts
  /home/dancondo/.rbenv/versions/2.4.4/lib/ruby/gems/2.4.0/gems/font-awesome-sass-5.2.0/assets/stylesheets
  /home/dancondo/.rbenv/versions/2.4.4/lib/ruby/gems/2.4.0/gems/font-awesome-sass-5.2.0/assets/fonts
  /home/dancondo/.rbenv/versions/2.4.4/lib/ruby/gems/2.4.0/gems/bootstrap-4.1.3/assets/stylesheets
  /home/dancondo/.rbenv/versions/2.4.4/lib/ruby/gems/2.4.0/gems/font-awesome-sass-5.2.0/assets/stylesheets):
     5:     %title Tigairo
     6:     = csrf_meta_tags
     7:     = csp_meta_tag
     8:     = stylesheet_link_tag 'application', media: 'all'
     9:     / = stylesheet_pack_tag 'application', media: 'all'
    10:   %body
    11:     = yield
  
app/assets/stylesheets/pages.scss:4
app/views/layouts/application.html.haml:8:in `_app_views_layouts_application_html_haml__1359983777657563811_70233868903280'
Started GET "/" for 127.0.0.1 at 2018-08-20 13:46:08 -0300
Processing by PagesController#home as HTML
  Rendering pages/home.html.haml within layouts/application
  Rendered pages/home.html.haml within layouts/application (4.8ms)
Completed 500 Internal Server Error in 1123ms (ActiveRecord: 0.0ms)


  
ActionView::Template::Error (File to import not found or unreadable: pages/posts/index.
Load paths:
  /home/dancondo/code/dancondo/tigairo/app/assets/config
  /home/dancondo/code/dancondo/tigairo/app/assets/images
  /home/dancondo/code/dancondo/tigairo/app/assets/javascripts
  /home/dancondo/code/dancondo/tigairo/app/assets/stylesheets
  /home/dancondo/.rbenv/versions/2.4.4/lib/ruby/gems/2.4.0/gems/coffee-rails-4.2.2/lib/assets/javascripts
  /home/dancondo/.rbenv/versions/2.4.4/lib/ruby/gems/2.4.0/gems/jquery-rails-4.3.3/vendor/assets/javascripts
  /home/dancondo/.rbenv/versions/2.4.4/lib/ruby/gems/2.4.0/gems/actioncable-5.2.1/lib/assets/compiled
  /home/dancondo/.rbenv/versions/2.4.4/lib/ruby/gems/2.4.0/gems/activestorage-5.2.1/app/assets/javascripts
  /home/dancondo/.rbenv/versions/2.4.4/lib/ruby/gems/2.4.0/gems/actionview-5.2.1/lib/assets/compiled
  /home/dancondo/code/dancondo/tigairo/node_modules
  /home/dancondo/.rbenv/versions/2.4.4/lib/ruby/gems/2.4.0/gems/popper_js-1.14.3/assets/javascripts
  /home/dancondo/.rbenv/versions/2.4.4/lib/ruby/gems/2.4.0/gems/bootstrap-4.1.3/assets/stylesheets
  /home/dancondo/.rbenv/versions/2.4.4/lib/ruby/gems/2.4.0/gems/bootstrap-4.1.3/assets/javascripts
  /home/dancondo/.rbenv/versions/2.4.4/lib/ruby/gems/2.4.0/gems/font-awesome-sass-5.2.0/assets/stylesheets
  /home/dancondo/.rbenv/versions/2.4.4/lib/ruby/gems/2.4.0/gems/font-awesome-sass-5.2.0/assets/fonts
  /home/dancondo/.rbenv/versions/2.4.4/lib/ruby/gems/2.4.0/gems/bootstrap-4.1.3/assets/stylesheets
  /home/dancondo/.rbenv/versions/2.4.4/lib/ruby/gems/2.4.0/gems/font-awesome-sass-5.2.0/assets/stylesheets):
     5:     %title Tigairo
     6:     = csrf_meta_tags
     7:     = csp_meta_tag
     8:     = stylesheet_link_tag 'application', media: 'all'
     9:     / = stylesheet_pack_tag 'application', media: 'all'
    10:   %body
    11:     = yield
  
app/assets/stylesheets/posts.scss:4
app/views/layouts/application.html.haml:8:in `_app_views_layouts_application_html_haml__1359983777657563811_70233866931700'
Started GET "/" for 127.0.0.1 at 2018-08-20 13:46:18 -0300
Processing by PagesController#home as HTML
  Rendering pages/home.html.haml within layouts/application
  Rendered pages/home.html.haml within layouts/application (2.5ms)
Completed 200 OK in 393ms (Views: 392.6ms | ActiveRecord: 0.0ms)


Started GET "/" for 127.0.0.1 at 2018-08-20 13:46:56 -0300
Processing by PagesController#home as HTML
  Rendering pages/home.html.haml within layouts/application
  Rendered pages/home.html.haml within layouts/application (9.0ms)
Completed 500 Internal Server Error in 16ms (ActiveRecord: 0.0ms)


  
SyntaxError (/home/dancondo/code/dancondo/tigairo/app/views/pages/home.html.haml:4: syntax error, unexpected ':', expecting =>
dropdown-toggle', data-toggle: 'dropdown', aria-haspopup: "t
                              ^
/home/dancondo/code/dancondo/tigairo/app/views/pages/home.html.haml:4: syntax error, unexpected ',', expecting ')'
gle', data-toggle: 'dropdown', aria-haspopup: "true" aria-ex
                              ^
/home/dancondo/code/dancondo/tigairo/app/views/pages/home.html.haml:4: syntax error, unexpected ':', expecting ')'
le: 'dropdown', aria-haspopup: "true" aria-expanded: "false"
                              ^
/home/dancondo/code/dancondo/tigairo/app/views/pages/home.html.haml:4: syntax error, unexpected tIDENTIFIER, expecting ')'
n', aria-haspopup: "true" aria-expanded: "false")).to_s);; _
                              ^
/home/dancondo/code/dancondo/tigairo/app/views/pages/home.html.haml:4: syntax error, unexpected ':', expecting ')'
aspopup: "true" aria-expanded: "false")).to_s);; _hamlout.bu
                              ^
/home/dancondo/code/dancondo/tigairo/app/views/pages/home.html.haml:4: syntax error, unexpected ')', expecting keyword_end
aria-expanded: "false")).to_s);; _hamlout.buffer << (">Actio
                              ^):
  
app/views/pages/home.html.haml:4: syntax error, unexpected ':', expecting =>
app/views/pages/home.html.haml:4: syntax error, unexpected ',', expecting ')'
app/views/pages/home.html.haml:4: syntax error, unexpected ':', expecting ')'
app/views/pages/home.html.haml:4: syntax error, unexpected tIDENTIFIER, expecting ')'
app/views/pages/home.html.haml:4: syntax error, unexpected ':', expecting ')'
app/views/pages/home.html.haml:4: syntax error, unexpected ')', expecting keyword_end
Started GET "/" for 127.0.0.1 at 2018-08-20 13:47:57 -0300
Processing by PagesController#home as HTML
  Rendering pages/home.html.haml within layouts/application
  Rendered pages/home.html.haml within layouts/application (7.5ms)
Completed 200 OK in 36ms (Views: 33.8ms | ActiveRecord: 0.0ms)


Started GET "/" for 127.0.0.1 at 2018-08-20 13:50:27 -0300
Processing by PagesController#home as HTML
  Rendering pages/home.html.haml within layouts/application
  Rendered pages/home.html.haml within layouts/application (12.1ms)
Completed 200 OK in 4168ms (Views: 4166.4ms | ActiveRecord: 0.0ms)


Started GET "/" for 127.0.0.1 at 2018-08-20 13:51:00 -0300
Processing by PagesController#home as HTML
  Rendering pages/home.html.haml within layouts/application
  Rendered pages/home.html.haml within layouts/application (9.9ms)
Completed 200 OK in 94ms (Views: 91.9ms | ActiveRecord: 0.0ms)


Started GET "/" for 127.0.0.1 at 2018-08-20 13:51:44 -0300
Processing by PagesController#home as HTML
  Rendering pages/home.html.haml within layouts/application
  Rendered pages/home.html.haml within layouts/application (9.2ms)
Completed 200 OK in 176ms (Views: 173.7ms | ActiveRecord: 0.0ms)


